2026-01-26 17:28:46,417 - INFO - Demarrage du pipeline batch
2026-01-26 17:28:46,417 - INFO - Traitement d'un chunk de taille 2
2026-01-26 17:28:46,433 - INFO - Traitement d'un chunk de taille 2
2026-01-26 17:28:46,433 - INFO - Traitement d'un chunk de taille 2
2026-01-26 17:28:46,433 - INFO - Traitement d'un chunk de taille 2
2026-01-26 17:28:46,433 - INFO - Traitement d'un chunk de taille 2
2026-01-26 17:28:46,433 - INFO - Traitement d'un chunk de taille 2
2026-01-26 17:28:46,433 - INFO - Traitement d'un chunk de taille 2
2026-01-26 17:28:46,433 - INFO - Traitement d'un chunk de taille 2
2026-01-26 17:28:46,433 - INFO - Traitement d'un chunk de taille 2
2026-01-26 17:28:46,449 - INFO - Traitement d'un chunk de taille 2
2026-01-26 17:28:46,449 - INFO - Traitement d'un chunk de taille 2
2026-01-26 17:28:46,449 - INFO - Traitement d'un chunk de taille 2
2026-01-26 17:28:46,449 - INFO - Traitement d'un chunk de taille 2
2026-01-26 17:28:46,449 - INFO - Traitement d'un chunk de taille 2
2026-01-26 17:28:46,449 - INFO - Traitement d'un chunk de taille 2
2026-01-26 17:28:46,449 - INFO - Traitement d'un chunk de taille 2
2026-01-26 17:28:46,449 - INFO - Concatenation des chunks terminee
2026-01-26 17:28:46,481 - INFO - Fichier Parquet écrit avec succes
2026-01-26 17:28:46,501 - INFO - Pipeline batch termine avec succes
2026-01-26 17:29:43,948 - INFO - Demarrage du pipeline batch
2026-01-26 17:29:43,964 - INFO - Traitement d'un chunk de taille 10
2026-01-26 17:29:43,964 - INFO - Traitement d'un chunk de taille 10
2026-01-26 17:29:43,980 - INFO - Traitement d'un chunk de taille 10
2026-01-26 17:29:43,983 - INFO - Traitement d'un chunk de taille 2
2026-01-26 17:29:43,983 - INFO - Concatenation des chunks terminee
2026-01-26 17:29:44,075 - INFO - Fichier Parquet écrit avec succes
2026-01-26 17:29:44,085 - INFO - Pipeline batch termine avec succes
